2024-12-25 22:45:09,415 training INFO: Namespace(clean=False, config_file='config-files/lyg_hrnet48.yaml', opts=[], seed=2)
2024-12-25 22:45:09,415 training INFO: Loaded configuration file config-files/lyg_hrnet48.yaml
2024-12-25 22:45:09,415 training INFO: 
SOLVER:
  IMS_PER_BATCH: 8
  BASE_LR: 1e-4
  MAX_EPOCH: 30
  STEPS: (25,)
  WEIGHT_DECAY: 0.0001
  CHECKPOINT_PERIOD: 1
  OPTIMIZER: "ADAM"
  AMSGRAD: True

DATALOADER:
  NUM_WORKERS: 8

DATASETS:
  IMAGE:
    PIXEL_MEAN: [109.54834, 114.86825, 102.69644]
    PIXEL_STD: [52.80287, 48.31333, 46.67280]
    TO_255: True
    HEIGHT: 512
    WIDTH: 512
  TARGET:
    HEIGHT: 128
    WIDTH: 128
  ORIGIN:
    HEIGHT: 512
    WIDTH: 512
  TRAIN: ("lyg_train",)
  TEST: ("lyg_test",)

MODEL:
  NAME: "HRNet48v2"
  HEAD_SIZE: [[2]]
  OUT_FEATURE_CHANNELS: 256
  LOSS_WEIGHTS:
    loss_joff: 0.25    # joff  regression
    loss_jloc: 8.0     # jloc  classification
    loss_mask: 1.0
    loss_afm : 0.1
    loss_remask : 1.0

OUTPUT_DIR: "./outputs/lyg_hrnet48_new"

2024-12-25 22:45:09,415 training INFO: Running with config:
DATALOADER:
  NUM_WORKERS: 8
DATASETS:
  IMAGE:
    HEIGHT: 512
    PIXEL_MEAN: [109.54834, 114.86825, 102.69644]
    PIXEL_STD: [52.80287, 48.31333, 46.6728]
    TO_255: True
    WIDTH: 512
  ORIGIN:
    HEIGHT: 512
    WIDTH: 512
  ROTATE_F: False
  TARGET:
    HEIGHT: 128
    WIDTH: 128
  TEST: ('lyg_test',)
  TRAIN: ('lyg_train',)
  VAL: ('crowdai_train_small',)
MODEL:
  DEVICE: cuda
  HEAD_SIZE: [[2]]
  LOSS_WEIGHTS:
    loss_afm: 0.1
    loss_jloc: 8.0
    loss_joff: 0.25
    loss_mask: 1.0
    loss_remask: 1.0
  NAME: HRNet48v2
  OUT_FEATURE_CHANNELS: 256
OUTPUT_DIR: ./outputs/lyg_hrnet48_new
SOLVER:
  AMSGRAD: True
  BACKBONE_LR_FACTOR: 1.0
  BASE_LR: 0.0001
  BIAS_LR_FACTOR: 1
  CHECKPOINT_PERIOD: 1
  GAMMA: 0.1
  IMS_PER_BATCH: 8
  MAX_EPOCH: 30
  MOMENTUM: 0.9
  OPTIMIZER: ADAM
  STATIC_STEP: 25
  STEPS: (25,)
  WEIGHT_DECAY: 0.0001
  WEIGHT_DECAY_BIAS: 0
2024-12-25 22:45:09,415 training INFO: Saving config into: ./outputs/lyg_hrnet48_new/config.yml
2024-12-25 22:46:13,559 training INFO: eta: 0:29:06 epoch: 1 iter: 45 data: 0.0044 (0.0341) loss: 1.5206 (2.2802) loss_afm: 4.2888 (4.1966) loss_jloc: 0.0301 (0.1052) loss_joff: 0.2616 (0.2614) loss_mask: 0.3041 (0.3909) loss_remask: 0.5019 (0.5628) time: 1.2761 (1.3073) lr: 0.000100 max mem: 16036

2024-12-25 22:47:13,571 training INFO: eta: 0:28:02 epoch: 2 iter: 45 data: 0.0037 (0.0340) loss: 1.3063 (1.3834) loss_afm: 4.0606 (4.1794) loss_jloc: 0.0252 (0.0283) loss_joff: 0.2622 (0.2613) loss_mask: 0.1813 (0.2159) loss_remask: 0.4422 (0.4581) time: 1.2830 (1.3046) lr: 0.000100 max mem: 16036

2024-12-25 22:48:13,849 training INFO: eta: 0:27:10 epoch: 3 iter: 45 data: 0.0041 (0.0325) loss: 1.2703 (1.2965) loss_afm: 4.2350 (4.1581) loss_jloc: 0.0246 (0.0261) loss_joff: 0.2592 (0.2605) loss_mask: 0.1552 (0.1694) loss_remask: 0.4236 (0.4372) time: 1.2880 (1.3104) lr: 0.000100 max mem: 16036

2024-12-25 22:49:14,237 training INFO: eta: 0:26:12 epoch: 4 iter: 45 data: 0.0041 (0.0345) loss: 1.1893 (1.2142) loss_afm: 4.0645 (4.0569) loss_jloc: 0.0234 (0.0230) loss_joff: 0.2562 (0.2591) loss_mask: 0.1295 (0.1364) loss_remask: 0.4075 (0.4231) time: 1.2941 (1.3128) lr: 0.000100 max mem: 16036

2024-12-25 22:50:14,723 training INFO: eta: 0:25:14 epoch: 5 iter: 45 data: 0.0051 (0.0354) loss: 1.0846 (1.1147) loss_afm: 3.7265 (3.7760) loss_jloc: 0.0180 (0.0196) loss_joff: 0.2540 (0.2563) loss_mask: 0.0951 (0.1029) loss_remask: 0.4102 (0.4135) time: 1.2910 (1.3149) lr: 0.000100 max mem: 16036

2024-12-25 22:51:15,034 training INFO: eta: 0:24:10 epoch: 6 iter: 45 data: 0.0040 (0.0354) loss: 1.1610 (1.1397) loss_afm: 3.4985 (3.5525) loss_jloc: 0.0192 (0.0190) loss_joff: 0.2525 (0.2520) loss_mask: 0.1718 (0.1460) loss_remask: 0.4268 (0.4234) time: 1.2873 (1.3111) lr: 0.000100 max mem: 16036

2024-12-25 22:52:15,304 training INFO: eta: 0:23:08 epoch: 7 iter: 45 data: 0.0039 (0.0344) loss: 1.0218 (1.0625) loss_afm: 3.2790 (3.2777) loss_jloc: 0.0157 (0.0173) loss_joff: 0.2397 (0.2433) loss_mask: 0.0960 (0.1210) loss_remask: 0.4074 (0.4145) time: 1.2854 (1.3102) lr: 0.000100 max mem: 16036

2024-12-25 22:53:15,602 training INFO: eta: 0:22:09 epoch: 8 iter: 45 data: 0.0073 (0.0321) loss: 0.9538 (0.9982) loss_afm: 2.8073 (3.0244) loss_jloc: 0.0155 (0.0158) loss_joff: 0.2274 (0.2301) loss_mask: 0.0840 (0.1044) loss_remask: 0.3993 (0.4076) time: 1.2907 (1.3108) lr: 0.000100 max mem: 16036

2024-12-25 22:54:16,055 training INFO: eta: 0:21:12 epoch: 9 iter: 45 data: 0.0044 (0.0369) loss: 0.9102 (0.9393) loss_afm: 2.7336 (2.8122) loss_jloc: 0.0135 (0.0146) loss_joff: 0.2162 (0.2203) loss_mask: 0.0720 (0.0864) loss_remask: 0.3893 (0.3997) time: 1.2887 (1.3142) lr: 0.000100 max mem: 16036

2024-12-25 22:55:16,364 training INFO: eta: 0:20:08 epoch: 10 iter: 45 data: 0.0036 (0.0349) loss: 0.8901 (0.9071) loss_afm: 2.5660 (2.6938) loss_jloc: 0.0137 (0.0139) loss_joff: 0.2138 (0.2128) loss_mask: 0.0743 (0.0786) loss_remask: 0.3989 (0.3950) time: 1.2848 (1.3111) lr: 0.000100 max mem: 16036

2024-12-25 22:55:16,535 training INFO: Saving checkpoint to ./outputs/lyg_hrnet48_new/model_00010.pth
2024-12-25 23:10:12,090 training INFO: Namespace(clean=False, config_file='config-files/lyg_hrnet48.yaml', opts=[], seed=2)
2024-12-25 23:10:12,094 training INFO: Loaded configuration file config-files/lyg_hrnet48.yaml
2024-12-25 23:10:12,094 training INFO: 
SOLVER:
  IMS_PER_BATCH: 8
  BASE_LR: 1e-4
  MAX_EPOCH: 30
  STEPS: (25,)
  WEIGHT_DECAY: 0.0001
  CHECKPOINT_PERIOD: 1
  OPTIMIZER: "ADAM"
  AMSGRAD: True

DATALOADER:
  NUM_WORKERS: 8

DATASETS:
  IMAGE:
    PIXEL_MEAN: [109.54834, 114.86825, 102.69644]
    PIXEL_STD: [52.80287, 48.31333, 46.67280]
    TO_255: True
    HEIGHT: 512
    WIDTH: 512
  TARGET:
    HEIGHT: 128
    WIDTH: 128
  ORIGIN:
    HEIGHT: 512
    WIDTH: 512
  TRAIN: ("lyg_train",)
  TEST: ("lyg_test",)

MODEL:
  NAME: "HRNet48v2"
  HEAD_SIZE: [[2]]
  OUT_FEATURE_CHANNELS: 256
  LOSS_WEIGHTS:
    loss_joff: 0.25    # joff  regression
    loss_jloc: 8.0     # jloc  classification
    loss_mask: 1.0
    loss_afm : 0.1
    loss_remask : 1.0

OUTPUT_DIR: "./outputs/lyg_hrnet48_new"

2024-12-25 23:10:12,095 training INFO: Running with config:
DATALOADER:
  NUM_WORKERS: 8
DATASETS:
  IMAGE:
    HEIGHT: 512
    PIXEL_MEAN: [109.54834, 114.86825, 102.69644]
    PIXEL_STD: [52.80287, 48.31333, 46.6728]
    TO_255: True
    WIDTH: 512
  ORIGIN:
    HEIGHT: 512
    WIDTH: 512
  ROTATE_F: False
  TARGET:
    HEIGHT: 128
    WIDTH: 128
  TEST: ('lyg_test',)
  TRAIN: ('lyg_train',)
  VAL: ('crowdai_train_small',)
MODEL:
  DEVICE: cuda
  HEAD_SIZE: [[2]]
  LOSS_WEIGHTS:
    loss_afm: 0.1
    loss_jloc: 8.0
    loss_joff: 0.25
    loss_mask: 1.0
    loss_remask: 1.0
  NAME: HRNet48v2
  OUT_FEATURE_CHANNELS: 256
OUTPUT_DIR: ./outputs/lyg_hrnet48_new
SOLVER:
  AMSGRAD: True
  BACKBONE_LR_FACTOR: 1.0
  BASE_LR: 0.0001
  BIAS_LR_FACTOR: 1
  CHECKPOINT_PERIOD: 1
  GAMMA: 0.1
  IMS_PER_BATCH: 8
  MAX_EPOCH: 30
  MOMENTUM: 0.9
  OPTIMIZER: ADAM
  STATIC_STEP: 25
  STEPS: (25,)
  WEIGHT_DECAY: 0.0001
  WEIGHT_DECAY_BIAS: 0
2024-12-25 23:10:12,095 training INFO: Saving config into: ./outputs/lyg_hrnet48_new/config.yml
2024-12-25 23:11:16,209 training INFO: eta: 0:29:04 epoch: 1 iter: 45 data: 0.0043 (0.0304) loss: 1.4812 (2.2256) loss_afm: 4.2919 (4.1930) loss_jloc: 0.0287 (0.1040) loss_joff: 0.2616 (0.2614) loss_mask: 0.2756 (0.3655) loss_remask: 0.4801 (0.5432) time: 1.2772 (1.3058) lr: 0.000100 max mem: 16036

2024-12-25 23:12:16,115 training INFO: eta: 0:27:59 epoch: 2 iter: 45 data: 0.0031 (0.0314) loss: 1.3011 (1.3347) loss_afm: 4.0667 (4.1643) loss_jloc: 0.0247 (0.0270) loss_joff: 0.2620 (0.2611) loss_mask: 0.1863 (0.1905) loss_remask: 0.4414 (0.4466) time: 1.2807 (1.3023) lr: 0.000100 max mem: 16036

2024-12-25 23:13:16,219 training INFO: eta: 0:27:05 epoch: 3 iter: 45 data: 0.0031 (0.0308) loss: 1.2405 (1.2621) loss_afm: 4.1184 (4.0780) loss_jloc: 0.0233 (0.0249) loss_joff: 0.2588 (0.2599) loss_mask: 0.1402 (0.1559) loss_remask: 0.4219 (0.4340) time: 1.2848 (1.3066) lr: 0.000100 max mem: 16036

2024-12-25 23:14:16,331 training INFO: eta: 0:26:05 epoch: 4 iter: 45 data: 0.0055 (0.0301) loss: 1.1389 (1.1549) loss_afm: 3.6421 (3.7441) loss_jloc: 0.0216 (0.0216) loss_joff: 0.2558 (0.2582) loss_mask: 0.1038 (0.1227) loss_remask: 0.4089 (0.4204) time: 1.2865 (1.3068) lr: 0.000100 max mem: 16036

2024-12-25 23:15:16,354 training INFO: eta: 0:25:03 epoch: 5 iter: 45 data: 0.0059 (0.0294) loss: 1.0294 (1.0716) loss_afm: 3.2770 (3.3595) loss_jloc: 0.0179 (0.0195) loss_joff: 0.2544 (0.2559) loss_mask: 0.0869 (0.1024) loss_remask: 0.4125 (0.4134) time: 1.2888 (1.3049) lr: 0.000100 max mem: 16036

2024-12-25 23:16:17,158 training INFO: eta: 0:24:21 epoch: 6 iter: 45 data: 0.0044 (0.0316) loss: 0.9879 (1.0188) loss_afm: 2.9029 (3.0438) loss_jloc: 0.0162 (0.0174) loss_joff: 0.2505 (0.2515) loss_mask: 0.0794 (0.1015) loss_remask: 0.4058 (0.4109) time: 1.3000 (1.3218) lr: 0.000100 max mem: 16036

2024-12-25 23:17:17,852 training INFO: eta: 0:23:18 epoch: 7 iter: 45 data: 0.0035 (0.0315) loss: 0.9410 (0.9679) loss_afm: 2.8125 (2.8430) loss_jloc: 0.0144 (0.0157) loss_joff: 0.2392 (0.2430) loss_mask: 0.0736 (0.0913) loss_remask: 0.4010 (0.4057) time: 1.2965 (1.3195) lr: 0.000100 max mem: 16036

2024-12-25 23:18:18,386 training INFO: eta: 0:22:14 epoch: 8 iter: 45 data: 0.0063 (0.0309) loss: 0.9155 (0.9323) loss_afm: 2.5521 (2.7168) loss_jloc: 0.0142 (0.0147) loss_joff: 0.2281 (0.2329) loss_mask: 0.0720 (0.0832) loss_remask: 0.4019 (0.4014) time: 1.2967 (1.3160) lr: 0.000100 max mem: 16036

2024-12-25 23:19:18,921 training INFO: eta: 0:21:13 epoch: 9 iter: 45 data: 0.0040 (0.0323) loss: 0.9012 (0.9074) loss_afm: 2.5426 (2.5717) loss_jloc: 0.0140 (0.0145) loss_joff: 0.2195 (0.2236) loss_mask: 0.0714 (0.0808) loss_remask: 0.3910 (0.3979) time: 1.2962 (1.3160) lr: 0.000100 max mem: 16036

2024-12-25 23:20:19,481 training INFO: eta: 0:20:13 epoch: 10 iter: 45 data: 0.0042 (0.0302) loss: 0.8584 (0.8804) loss_afm: 2.3957 (2.5013) loss_jloc: 0.0133 (0.0139) loss_joff: 0.2129 (0.2141) loss_mask: 0.0702 (0.0725) loss_remask: 0.3957 (0.3934) time: 1.2976 (1.3165) lr: 0.000100 max mem: 16036

2024-12-25 23:20:22,976 training INFO: Saving checkpoint to ./outputs/lyg_hrnet48_new/model_00010.pth
2024-12-25 23:21:25,506 training INFO: eta: 0:20:57 epoch: 11 iter: 45 data: 0.0042 (0.1505) loss: 0.8306 (0.8472) loss_afm: 2.3624 (2.3587) loss_jloc: 0.0135 (0.0131) loss_joff: 0.2044 (0.2068) loss_mask: 0.0573 (0.0652) loss_remask: 0.3817 (0.3895) time: 1.2957 (1.4353) lr: 0.000100 max mem: 16036

2024-12-25 23:22:26,120 training INFO: eta: 0:18:13 epoch: 12 iter: 45 data: 0.0041 (0.0318) loss: 0.8263 (0.8266) loss_afm: 2.2546 (2.2485) loss_jloc: 0.0119 (0.0128) loss_joff: 0.2007 (0.2029) loss_mask: 0.0604 (0.0615) loss_remask: 0.3867 (0.3875) time: 1.2950 (1.3177) lr: 0.000100 max mem: 16036

2024-12-25 23:23:26,634 training INFO: eta: 0:17:11 epoch: 13 iter: 45 data: 0.0054 (0.0315) loss: 0.7999 (0.8263) loss_afm: 2.1391 (2.2049) loss_jloc: 0.0124 (0.0128) loss_joff: 0.1970 (0.2015) loss_mask: 0.0566 (0.0661) loss_remask: 0.3813 (0.3866) time: 1.2960 (1.3155) lr: 0.000100 max mem: 16036

2024-12-25 23:24:30,790 training INFO: eta: 0:17:09 epoch: 14 iter: 45 data: 0.0074 (0.1129) loss: 0.8141 (0.8095) loss_afm: 2.0389 (2.1111) loss_jloc: 0.0118 (0.0127) loss_joff: 0.2013 (0.1986) loss_mask: 0.0653 (0.0631) loss_remask: 0.3787 (0.3842) time: 1.2947 (1.3947) lr: 0.000100 max mem: 16036

2024-12-25 23:25:31,178 training INFO: eta: 0:15:08 epoch: 15 iter: 45 data: 0.0039 (0.0315) loss: 0.7704 (0.7865) loss_afm: 1.9756 (2.0162) loss_jloc: 0.0115 (0.0123) loss_joff: 0.1931 (0.1951) loss_mask: 0.0512 (0.0573) loss_remask: 0.3815 (0.3804) time: 1.2910 (1.3128) lr: 0.000100 max mem: 16036

2024-12-25 23:26:31,460 training INFO: eta: 0:14:06 epoch: 16 iter: 45 data: 0.0041 (0.0294) loss: 0.7607 (0.7733) loss_afm: 1.9094 (1.9669) loss_jloc: 0.0120 (0.0120) loss_joff: 0.1939 (0.1932) loss_mask: 0.0486 (0.0544) loss_remask: 0.3717 (0.3776) time: 1.2911 (1.3105) lr: 0.000100 max mem: 16036

2024-12-25 23:27:31,957 training INFO: eta: 0:13:09 epoch: 17 iter: 45 data: 0.0037 (0.0312) loss: 0.7566 (0.7577) loss_afm: 1.8238 (1.8665) loss_jloc: 0.0112 (0.0118) loss_joff: 0.1886 (0.1909) loss_mask: 0.0499 (0.0530) loss_remask: 0.3731 (0.3757) time: 1.2904 (1.3151) lr: 0.000100 max mem: 16036

2024-12-25 23:28:32,224 training INFO: eta: 0:12:05 epoch: 18 iter: 45 data: 0.0040 (0.0315) loss: 0.7466 (0.7474) loss_afm: 1.8122 (1.8323) loss_jloc: 0.0111 (0.0116) loss_joff: 0.1902 (0.1891) loss_mask: 0.0482 (0.0506) loss_remask: 0.3740 (0.3736) time: 1.2888 (1.3101) lr: 0.000100 max mem: 16036

2024-12-25 23:29:32,445 training INFO: eta: 0:11:05 epoch: 19 iter: 45 data: 0.0039 (0.0299) loss: 0.7420 (0.7402) loss_afm: 1.8136 (1.7837) loss_jloc: 0.0116 (0.0115) loss_joff: 0.1879 (0.1881) loss_mask: 0.0518 (0.0514) loss_remask: 0.3689 (0.3714) time: 1.2914 (1.3092) lr: 0.000100 max mem: 16036

2024-12-25 23:30:32,965 training INFO: eta: 0:10:07 epoch: 20 iter: 45 data: 0.0053 (0.0323) loss: 0.7137 (0.7360) loss_afm: 1.7733 (1.7603) loss_jloc: 0.0110 (0.0114) loss_joff: 0.1835 (0.1849) loss_mask: 0.0458 (0.0525) loss_remask: 0.3648 (0.3699) time: 1.2922 (1.3157) lr: 0.000100 max mem: 16036

2024-12-25 23:30:33,094 training INFO: Saving checkpoint to ./outputs/lyg_hrnet48_new/model_00020.pth
2024-12-25 23:31:35,457 training INFO: eta: 0:09:25 epoch: 21 iter: 45 data: 0.0038 (0.0800) loss: 0.7155 (0.7326) loss_afm: 1.6790 (1.7236) loss_jloc: 0.0115 (0.0115) loss_joff: 0.1853 (0.1864) loss_mask: 0.0465 (0.0527) loss_remask: 0.3643 (0.3691) time: 1.2902 (1.3585) lr: 0.000100 max mem: 16036

2024-12-25 23:32:35,764 training INFO: eta: 0:08:05 epoch: 22 iter: 45 data: 0.0040 (0.0319) loss: 0.7122 (0.7263) loss_afm: 1.6634 (1.7043) loss_jloc: 0.0109 (0.0114) loss_joff: 0.1863 (0.1872) loss_mask: 0.0443 (0.0509) loss_remask: 0.3633 (0.3667) time: 1.2918 (1.3110) lr: 0.000100 max mem: 16036

2024-12-25 23:33:37,247 training INFO: eta: 0:07:13 epoch: 23 iter: 45 data: 0.0040 (0.0508) loss: 0.7126 (0.7071) loss_afm: 1.6262 (1.6375) loss_jloc: 0.0102 (0.0111) loss_joff: 0.1828 (0.1837) loss_mask: 0.0501 (0.0455) loss_remask: 0.3655 (0.3632) time: 1.3000 (1.3366) lr: 0.000100 max mem: 16036

2024-12-25 23:34:40,290 training INFO: eta: 0:06:20 epoch: 24 iter: 45 data: 0.0078 (0.0851) loss: 0.6883 (0.6965) loss_afm: 1.5278 (1.5920) loss_jloc: 0.0106 (0.0108) loss_joff: 0.1829 (0.1833) loss_mask: 0.0417 (0.0438) loss_remask: 0.3564 (0.3611) time: 1.2993 (1.3705) lr: 0.000100 max mem: 16036

2024-12-25 23:35:41,096 training INFO: eta: 0:05:06 epoch: 25 iter: 45 data: 0.0052 (0.0317) loss: 0.6886 (0.6923) loss_afm: 1.5240 (1.5834) loss_jloc: 0.0110 (0.0108) loss_joff: 0.1822 (0.1805) loss_mask: 0.0423 (0.0434) loss_remask: 0.3607 (0.3590) time: 1.2991 (1.3219) lr: 0.000100 max mem: 16036

2024-12-25 23:36:41,749 training INFO: eta: 0:04:05 epoch: 26 iter: 45 data: 0.0048 (0.0321) loss: 0.6580 (0.6725) loss_afm: 1.3970 (1.4828) loss_jloc: 0.0102 (0.0104) loss_joff: 0.1759 (0.1781) loss_mask: 0.0394 (0.0398) loss_remask: 0.3537 (0.3569) time: 1.2980 (1.3186) lr: 0.000010 max mem: 16036

2024-12-25 23:37:42,269 training INFO: eta: 0:03:04 epoch: 27 iter: 45 data: 0.0065 (0.0327) loss: 0.6630 (0.6638) loss_afm: 1.3544 (1.4334) loss_jloc: 0.0102 (0.0102) loss_joff: 0.1793 (0.1776) loss_mask: 0.0375 (0.0378) loss_remask: 0.3505 (0.3565) time: 1.2913 (1.3156) lr: 0.000010 max mem: 16036

2024-12-25 23:38:42,666 training INFO: eta: 0:02:03 epoch: 28 iter: 45 data: 0.0041 (0.0309) loss: 0.6485 (0.6579) loss_afm: 1.3655 (1.4096) loss_jloc: 0.0097 (0.0100) loss_joff: 0.1744 (0.1762) loss_mask: 0.0369 (0.0368) loss_remask: 0.3500 (0.3558) time: 1.2930 (1.3130) lr: 0.000010 max mem: 16036

2024-12-25 23:39:42,979 training INFO: eta: 0:01:02 epoch: 29 iter: 45 data: 0.0043 (0.0306) loss: 0.6554 (0.6547) loss_afm: 1.3862 (1.3954) loss_jloc: 0.0098 (0.0099) loss_joff: 0.1771 (0.1757) loss_mask: 0.0363 (0.0361) loss_remask: 0.3521 (0.3557) time: 1.2912 (1.3111) lr: 0.000010 max mem: 16036

2024-12-25 23:40:43,375 training INFO: eta: 0:00:02 epoch: 30 iter: 45 data: 0.0076 (0.0317) loss: 0.6430 (0.6516) loss_afm: 1.3867 (1.3785) loss_jloc: 0.0094 (0.0099) loss_joff: 0.1772 (0.1751) loss_mask: 0.0341 (0.0356) loss_remask: 0.3576 (0.3553) time: 1.2943 (1.3130) lr: 0.000010 max mem: 16036

2024-12-25 23:40:43,491 training INFO: Saving checkpoint to ./outputs/lyg_hrnet48_new/model_00030.pth
2024-12-25 23:40:45,304 training INFO: Total training time: 0:30:29.163908 (60.9721 s / epoch)
